{"/Users/bytedance/Documents/online_demo/testing_demo/unit_test/src/math.js": {"path":"/Users/bytedance/Documents/online_demo/testing_demo/unit_test/src/math.js","statementMap":{"0":{"start":{"line":1,"column":12},"end":{"line":1,"column":27}},"1":{"start":{"line":1,"column":22},"end":{"line":1,"column":27}}},"fnMap":{"0":{"name":"(anonymous_0)","decl":{"start":{"line":1,"column":12},"end":{"line":1,"column":13}},"loc":{"start":{"line":1,"column":22},"end":{"line":1,"column":27}},"line":1}},"branchMap":{},"s":{"0":1,"1":1},"f":{"0":1},"b":{},"_coverageSchema":"1a1c01bbd47fc00a2c39e90264f33305004495a9","hash":"480c30c58d4245c9e9dfe039be88335c2b9c21be"}
,"/Users/bytedance/Documents/online_demo/testing_demo/unit_test/src/searchNames.js": {"path":"/Users/bytedance/Documents/online_demo/testing_demo/unit_test/src/searchNames.js","statementMap":{"0":{"start":{"line":3,"column":20},"end":{"line":9,"column":1}},"1":{"start":{"line":4,"column":18},"end":{"line":6,"column":4}},"2":{"start":{"line":5,"column":4},"end":{"line":5,"column":31}},"3":{"start":{"line":8,"column":2},"end":{"line":8,"column":60}},"4":{"start":{"line":11,"column":26},"end":{"line":13,"column":1}},"5":{"start":{"line":12,"column":2},"end":{"line":12,"column":25}}},"fnMap":{"0":{"name":"(anonymous_0)","decl":{"start":{"line":3,"column":20},"end":{"line":3,"column":21}},"loc":{"start":{"line":3,"column":28},"end":{"line":9,"column":1}},"line":3},"1":{"name":"(anonymous_1)","decl":{"start":{"line":4,"column":45},"end":{"line":4,"column":46}},"loc":{"start":{"line":4,"column":53},"end":{"line":6,"column":3}},"line":4},"2":{"name":"(anonymous_2)","decl":{"start":{"line":11,"column":26},"end":{"line":11,"column":27}},"loc":{"start":{"line":11,"column":34},"end":{"line":13,"column":1}},"line":11}},"branchMap":{"0":{"loc":{"start":{"line":8,"column":9},"end":{"line":8,"column":59}},"type":"cond-expr","locations":[{"start":{"line":8,"column":30},"end":{"line":8,"column":49}},{"start":{"line":8,"column":52},"end":{"line":8,"column":59}}],"line":8}},"s":{"0":1,"1":7,"2":21,"3":7,"4":1,"5":0},"f":{"0":7,"1":21,"2":0},"b":{"0":[1,6]},"_coverageSchema":"1a1c01bbd47fc00a2c39e90264f33305004495a9","hash":"b123e5cf6fa57679cd081e4d770d4bd9bb2f528b"}
}
